23:35:26.448 [main] DEBUG - Using Log4J2 as the default logging framework
23:35:26.473 [main] DEBUG - -Dio.netty.leakDetection.level: simple
23:35:26.474 [main] DEBUG - -Dio.netty.leakDetection.targetRecords: 4
23:35:26.483 [main] DEBUG - Loaded default ResourceLeakDetector: io.netty.util.ResourceLeakDetector@4b74b35
23:35:26.527 [main] DEBUG - -Dio.netty.noUnsafe: false
23:35:26.528 [main] DEBUG - Java version: 18
23:35:26.531 [main] DEBUG - sun.misc.Unsafe.theUnsafe: available
23:35:26.534 [main] DEBUG - sun.misc.Unsafe.copyMemory: available
23:35:26.536 [main] DEBUG - sun.misc.Unsafe.storeFence: available
23:35:26.537 [main] DEBUG - java.nio.Buffer.address: available
23:35:26.539 [main] DEBUG - direct buffer constructor: unavailable
java.lang.UnsupportedOperationException: Reflective setAccessible(true) disabled
	at io.netty.util.internal.ReflectionUtil.trySetAccessible(ReflectionUtil.java:31) ~[netty-common-4.1.84.Final.jar:4.1.84.Final]
	at io.netty.util.internal.PlatformDependent0$5.run(PlatformDependent0.java:288) ~[netty-common-4.1.84.Final.jar:4.1.84.Final]
	at java.security.AccessController.doPrivileged(AccessController.java:318) ~[?:?]
	at io.netty.util.internal.PlatformDependent0.<clinit>(PlatformDependent0.java:282) ~[netty-common-4.1.84.Final.jar:4.1.84.Final]
	at io.netty.util.internal.PlatformDependent.isAndroid(PlatformDependent.java:333) ~[netty-common-4.1.84.Final.jar:4.1.84.Final]
	at io.netty.util.internal.PlatformDependent.<clinit>(PlatformDependent.java:88) ~[netty-common-4.1.84.Final.jar:4.1.84.Final]
	at io.netty.util.HashedWheelTimer.<init>(HashedWheelTimer.java:114) ~[netty-common-4.1.84.Final.jar:4.1.84.Final]
	at io.netty.util.HashedWheelTimer.<init>(HashedWheelTimer.java:251) ~[netty-common-4.1.84.Final.jar:4.1.84.Final]
	at io.netty.util.HashedWheelTimer.<init>(HashedWheelTimer.java:224) ~[netty-common-4.1.84.Final.jar:4.1.84.Final]
	at io.netty.util.HashedWheelTimer.<init>(HashedWheelTimer.java:203) ~[netty-common-4.1.84.Final.jar:4.1.84.Final]
	at org.asynchttpclient.DefaultAsyncHttpClient.newNettyTimer(DefaultAsyncHttpClient.java:111) ~[async-http-client-2.12.3.jar:?]
	at org.asynchttpclient.DefaultAsyncHttpClient.<init>(DefaultAsyncHttpClient.java:90) ~[async-http-client-2.12.3.jar:?]
	at org.asynchttpclient.Dsl.asyncHttpClient(Dsl.java:32) ~[async-http-client-2.12.3.jar:?]
	at org.openqa.selenium.remote.http.netty.NettyClient.createHttpClient(NettyClient.java:94) ~[selenium-remote-driver-4.7.2.jar:?]
	at org.openqa.selenium.remote.http.netty.NettyClient.<clinit>(NettyClient.java:47) ~[selenium-remote-driver-4.7.2.jar:?]
	at org.openqa.selenium.remote.http.netty.NettyClient$Factory.createClient(NettyClient.java:135) ~[selenium-remote-driver-4.7.2.jar:?]
	at org.openqa.selenium.remote.HttpCommandExecutor.<init>(HttpCommandExecutor.java:107) ~[selenium-remote-driver-4.7.2.jar:?]
	at org.openqa.selenium.remote.HttpCommandExecutor.<init>(HttpCommandExecutor.java:94) ~[selenium-remote-driver-4.7.2.jar:?]
	at org.openqa.selenium.remote.HttpCommandExecutor.<init>(HttpCommandExecutor.java:85) ~[selenium-remote-driver-4.7.2.jar:?]
	at org.openqa.selenium.remote.service.DriverCommandExecutor.<init>(DriverCommandExecutor.java:80) ~[selenium-remote-driver-4.7.2.jar:?]
	at org.openqa.selenium.chromium.ChromiumDriverCommandExecutor.<init>(ChromiumDriverCommandExecutor.java:35) ~[selenium-chromium-driver-4.7.2.jar:?]
	at org.openqa.selenium.chrome.ChromeDriver$ChromeDriverCommandExecutor.<init>(ChromeDriver.java:94) ~[selenium-chrome-driver-4.7.2.jar:?]
	at org.openqa.selenium.chrome.ChromeDriver.<init>(ChromeDriver.java:82) ~[selenium-chrome-driver-4.7.2.jar:?]
	at org.openqa.selenium.chrome.ChromeDriver.<init>(ChromeDriver.java:71) ~[selenium-chrome-driver-4.7.2.jar:?]
	at Hooks.Hooks.setup(Hooks.java:42) ~[test-classes/:?]
	at jdk.internal.reflect.DirectMethodHandleAccessor.invoke(DirectMethodHandleAccessor.java:104) ~[?:?]
	at java.lang.reflect.Method.invoke(Method.java:577) ~[?:?]
	at io.cucumber.java.Invoker.doInvoke(Invoker.java:66) ~[cucumber-java-6.10.4.jar:6.10.4]
	at io.cucumber.java.Invoker.invoke(Invoker.java:24) ~[cucumber-java-6.10.4.jar:6.10.4]
	at io.cucumber.java.AbstractGlueDefinition.invokeMethod(AbstractGlueDefinition.java:47) ~[cucumber-java-6.10.4.jar:6.10.4]
	at io.cucumber.java.JavaHookDefinition.execute(JavaHookDefinition.java:59) ~[cucumber-java-6.10.4.jar:6.10.4]
	at io.cucumber.core.runner.CoreHookDefinition.execute(CoreHookDefinition.java:46) ~[cucumber-core-6.10.4.jar:6.10.4]
	at io.cucumber.core.runner.HookDefinitionMatch.runStep(HookDefinitionMatch.java:21) ~[cucumber-core-6.10.4.jar:6.10.4]
	at io.cucumber.core.runner.ExecutionMode$1.execute(ExecutionMode.java:10) ~[cucumber-core-6.10.4.jar:6.10.4]
	at io.cucumber.core.runner.TestStep.executeStep(TestStep.java:92) ~[cucumber-core-6.10.4.jar:6.10.4]
	at io.cucumber.core.runner.TestStep.run(TestStep.java:64) ~[cucumber-core-6.10.4.jar:6.10.4]
	at io.cucumber.core.runner.TestCase.run(TestCase.java:98) ~[cucumber-core-6.10.4.jar:6.10.4]
	at io.cucumber.core.runner.Runner.runPickle(Runner.java:73) ~[cucumber-core-6.10.4.jar:6.10.4]
	at io.cucumber.testng.TestNGCucumberRunner.lambda$runScenario$0(TestNGCucumberRunner.java:117) ~[cucumber-testng-6.10.4.jar:6.10.4]
	at io.cucumber.core.runtime.CucumberExecutionContext.runTestCase(CucumberExecutionContext.java:117) ~[cucumber-core-6.10.4.jar:6.10.4]
	at io.cucumber.testng.TestNGCucumberRunner.runScenario(TestNGCucumberRunner.java:114) ~[cucumber-testng-6.10.4.jar:6.10.4]
	at io.cucumber.testng.AbstractTestNGCucumberTests.runScenario(AbstractTestNGCucumberTests.java:31) ~[cucumber-testng-6.10.4.jar:6.10.4]
	at jdk.internal.reflect.DirectMethodHandleAccessor.invoke(DirectMethodHandleAccessor.java:104) ~[?:?]
	at java.lang.reflect.Method.invoke(Method.java:577) ~[?:?]
	at org.testng.internal.MethodInvocationHelper.invokeMethod(MethodInvocationHelper.java:133) ~[org.testng_7.4.0.r202105021533.jar:7.4.0]
	at org.testng.internal.TestInvoker.invokeMethod(TestInvoker.java:598) ~[org.testng_7.4.0.r202105021533.jar:7.4.0]
	at org.testng.internal.TestInvoker.invokeTestMethod(TestInvoker.java:173) ~[org.testng_7.4.0.r202105021533.jar:7.4.0]
	at org.testng.internal.MethodRunner.runInSequence(MethodRunner.java:46) ~[org.testng_7.4.0.r202105021533.jar:7.4.0]
	at org.testng.internal.TestInvoker$MethodInvocationAgent.invoke(TestInvoker.java:824) ~[org.testng_7.4.0.r202105021533.jar:7.4.0]
	at org.testng.internal.TestInvoker.invokeTestMethods(TestInvoker.java:146) ~[org.testng_7.4.0.r202105021533.jar:7.4.0]
	at org.testng.internal.TestMethodWorker.invokeTestMethods(TestMethodWorker.java:146) ~[org.testng_7.4.0.r202105021533.jar:7.4.0]
	at org.testng.internal.TestMethodWorker.run(TestMethodWorker.java:128) ~[org.testng_7.4.0.r202105021533.jar:7.4.0]
	at java.util.ArrayList.forEach(ArrayList.java:1511) ~[?:?]
	at org.testng.TestRunner.privateRun(TestRunner.java:794) ~[org.testng_7.4.0.r202105021533.jar:7.4.0]
	at org.testng.TestRunner.run(TestRunner.java:596) ~[org.testng_7.4.0.r202105021533.jar:7.4.0]
	at org.testng.SuiteRunner.runTest(SuiteRunner.java:377) ~[org.testng_7.4.0.r202105021533.jar:7.4.0]
	at org.testng.SuiteRunner.runSequentially(SuiteRunner.java:371) ~[org.testng_7.4.0.r202105021533.jar:7.4.0]
	at org.testng.SuiteRunner.privateRun(SuiteRunner.java:332) ~[org.testng_7.4.0.r202105021533.jar:7.4.0]
	at org.testng.SuiteRunner.run(SuiteRunner.java:276) ~[org.testng_7.4.0.r202105021533.jar:7.4.0]
	at org.testng.SuiteRunnerWorker.runSuite(SuiteRunnerWorker.java:53) ~[org.testng_7.4.0.r202105021533.jar:7.4.0]
	at org.testng.SuiteRunnerWorker.run(SuiteRunnerWorker.java:96) ~[org.testng_7.4.0.r202105021533.jar:7.4.0]
	at org.testng.TestNG.runSuitesSequentially(TestNG.java:1212) ~[org.testng_7.4.0.r202105021533.jar:7.4.0]
	at org.testng.TestNG.runSuitesLocally(TestNG.java:1134) ~[org.testng_7.4.0.r202105021533.jar:7.4.0]
	at org.testng.TestNG.runSuites(TestNG.java:1063) ~[org.testng_7.4.0.r202105021533.jar:7.4.0]
	at org.testng.TestNG.run(TestNG.java:1031) ~[org.testng_7.4.0.r202105021533.jar:7.4.0]
	at org.testng.remote.AbstractRemoteTestNG.run(AbstractRemoteTestNG.java:115) ~[testng-remote.jar:?]
	at org.testng.remote.RemoteTestNG.initAndRun(RemoteTestNG.java:251) ~[testng-remote.jar:?]
	at org.testng.remote.RemoteTestNG.main(RemoteTestNG.java:77) ~[testng-remote.jar:?]
23:35:26.567 [main] DEBUG - java.nio.Bits.unaligned: available, true
23:35:26.570 [main] DEBUG - jdk.internal.misc.Unsafe.allocateUninitializedArray(int): unavailable
java.lang.IllegalAccessException: class io.netty.util.internal.PlatformDependent0$7 cannot access class jdk.internal.misc.Unsafe (in module java.base) because module java.base does not export jdk.internal.misc to unnamed module @497470ed
	at jdk.internal.reflect.Reflection.newIllegalAccessException(Reflection.java:394) ~[?:?]
	at java.lang.reflect.AccessibleObject.checkAccess(AccessibleObject.java:674) ~[?:?]
	at java.lang.reflect.Method.invoke(Method.java:568) ~[?:?]
	at io.netty.util.internal.PlatformDependent0$7.run(PlatformDependent0.java:410) ~[netty-common-4.1.84.Final.jar:4.1.84.Final]
	at java.security.AccessController.doPrivileged(AccessController.java:318) ~[?:?]
	at io.netty.util.internal.PlatformDependent0.<clinit>(PlatformDependent0.java:401) ~[netty-common-4.1.84.Final.jar:4.1.84.Final]
	at io.netty.util.internal.PlatformDependent.isAndroid(PlatformDependent.java:333) ~[netty-common-4.1.84.Final.jar:4.1.84.Final]
	at io.netty.util.internal.PlatformDependent.<clinit>(PlatformDependent.java:88) ~[netty-common-4.1.84.Final.jar:4.1.84.Final]
	at io.netty.util.HashedWheelTimer.<init>(HashedWheelTimer.java:114) ~[netty-common-4.1.84.Final.jar:4.1.84.Final]
	at io.netty.util.HashedWheelTimer.<init>(HashedWheelTimer.java:251) ~[netty-common-4.1.84.Final.jar:4.1.84.Final]
	at io.netty.util.HashedWheelTimer.<init>(HashedWheelTimer.java:224) ~[netty-common-4.1.84.Final.jar:4.1.84.Final]
	at io.netty.util.HashedWheelTimer.<init>(HashedWheelTimer.java:203) ~[netty-common-4.1.84.Final.jar:4.1.84.Final]
	at org.asynchttpclient.DefaultAsyncHttpClient.newNettyTimer(DefaultAsyncHttpClient.java:111) ~[async-http-client-2.12.3.jar:?]
	at org.asynchttpclient.DefaultAsyncHttpClient.<init>(DefaultAsyncHttpClient.java:90) ~[async-http-client-2.12.3.jar:?]
	at org.asynchttpclient.Dsl.asyncHttpClient(Dsl.java:32) ~[async-http-client-2.12.3.jar:?]
	at org.openqa.selenium.remote.http.netty.NettyClient.createHttpClient(NettyClient.java:94) ~[selenium-remote-driver-4.7.2.jar:?]
	at org.openqa.selenium.remote.http.netty.NettyClient.<clinit>(NettyClient.java:47) ~[selenium-remote-driver-4.7.2.jar:?]
	at org.openqa.selenium.remote.http.netty.NettyClient$Factory.createClient(NettyClient.java:135) ~[selenium-remote-driver-4.7.2.jar:?]
	at org.openqa.selenium.remote.HttpCommandExecutor.<init>(HttpCommandExecutor.java:107) ~[selenium-remote-driver-4.7.2.jar:?]
	at org.openqa.selenium.remote.HttpCommandExecutor.<init>(HttpCommandExecutor.java:94) ~[selenium-remote-driver-4.7.2.jar:?]
	at org.openqa.selenium.remote.HttpCommandExecutor.<init>(HttpCommandExecutor.java:85) ~[selenium-remote-driver-4.7.2.jar:?]
	at org.openqa.selenium.remote.service.DriverCommandExecutor.<init>(DriverCommandExecutor.java:80) ~[selenium-remote-driver-4.7.2.jar:?]
	at org.openqa.selenium.chromium.ChromiumDriverCommandExecutor.<init>(ChromiumDriverCommandExecutor.java:35) ~[selenium-chromium-driver-4.7.2.jar:?]
	at org.openqa.selenium.chrome.ChromeDriver$ChromeDriverCommandExecutor.<init>(ChromeDriver.java:94) ~[selenium-chrome-driver-4.7.2.jar:?]
	at org.openqa.selenium.chrome.ChromeDriver.<init>(ChromeDriver.java:82) ~[selenium-chrome-driver-4.7.2.jar:?]
	at org.openqa.selenium.chrome.ChromeDriver.<init>(ChromeDriver.java:71) ~[selenium-chrome-driver-4.7.2.jar:?]
	at Hooks.Hooks.setup(Hooks.java:42) ~[test-classes/:?]
	at jdk.internal.reflect.DirectMethodHandleAccessor.invoke(DirectMethodHandleAccessor.java:104) ~[?:?]
	at java.lang.reflect.Method.invoke(Method.java:577) ~[?:?]
	at io.cucumber.java.Invoker.doInvoke(Invoker.java:66) ~[cucumber-java-6.10.4.jar:6.10.4]
	at io.cucumber.java.Invoker.invoke(Invoker.java:24) ~[cucumber-java-6.10.4.jar:6.10.4]
	at io.cucumber.java.AbstractGlueDefinition.invokeMethod(AbstractGlueDefinition.java:47) ~[cucumber-java-6.10.4.jar:6.10.4]
	at io.cucumber.java.JavaHookDefinition.execute(JavaHookDefinition.java:59) ~[cucumber-java-6.10.4.jar:6.10.4]
	at io.cucumber.core.runner.CoreHookDefinition.execute(CoreHookDefinition.java:46) ~[cucumber-core-6.10.4.jar:6.10.4]
	at io.cucumber.core.runner.HookDefinitionMatch.runStep(HookDefinitionMatch.java:21) ~[cucumber-core-6.10.4.jar:6.10.4]
	at io.cucumber.core.runner.ExecutionMode$1.execute(ExecutionMode.java:10) ~[cucumber-core-6.10.4.jar:6.10.4]
	at io.cucumber.core.runner.TestStep.executeStep(TestStep.java:92) ~[cucumber-core-6.10.4.jar:6.10.4]
	at io.cucumber.core.runner.TestStep.run(TestStep.java:64) ~[cucumber-core-6.10.4.jar:6.10.4]
	at io.cucumber.core.runner.TestCase.run(TestCase.java:98) ~[cucumber-core-6.10.4.jar:6.10.4]
	at io.cucumber.core.runner.Runner.runPickle(Runner.java:73) ~[cucumber-core-6.10.4.jar:6.10.4]
	at io.cucumber.testng.TestNGCucumberRunner.lambda$runScenario$0(TestNGCucumberRunner.java:117) ~[cucumber-testng-6.10.4.jar:6.10.4]
	at io.cucumber.core.runtime.CucumberExecutionContext.runTestCase(CucumberExecutionContext.java:117) ~[cucumber-core-6.10.4.jar:6.10.4]
	at io.cucumber.testng.TestNGCucumberRunner.runScenario(TestNGCucumberRunner.java:114) ~[cucumber-testng-6.10.4.jar:6.10.4]
	at io.cucumber.testng.AbstractTestNGCucumberTests.runScenario(AbstractTestNGCucumberTests.java:31) ~[cucumber-testng-6.10.4.jar:6.10.4]
	at jdk.internal.reflect.DirectMethodHandleAccessor.invoke(DirectMethodHandleAccessor.java:104) ~[?:?]
	at java.lang.reflect.Method.invoke(Method.java:577) ~[?:?]
	at org.testng.internal.MethodInvocationHelper.invokeMethod(MethodInvocationHelper.java:133) ~[org.testng_7.4.0.r202105021533.jar:7.4.0]
	at org.testng.internal.TestInvoker.invokeMethod(TestInvoker.java:598) ~[org.testng_7.4.0.r202105021533.jar:7.4.0]
	at org.testng.internal.TestInvoker.invokeTestMethod(TestInvoker.java:173) ~[org.testng_7.4.0.r202105021533.jar:7.4.0]
	at org.testng.internal.MethodRunner.runInSequence(MethodRunner.java:46) ~[org.testng_7.4.0.r202105021533.jar:7.4.0]
	at org.testng.internal.TestInvoker$MethodInvocationAgent.invoke(TestInvoker.java:824) ~[org.testng_7.4.0.r202105021533.jar:7.4.0]
	at org.testng.internal.TestInvoker.invokeTestMethods(TestInvoker.java:146) ~[org.testng_7.4.0.r202105021533.jar:7.4.0]
	at org.testng.internal.TestMethodWorker.invokeTestMethods(TestMethodWorker.java:146) ~[org.testng_7.4.0.r202105021533.jar:7.4.0]
	at org.testng.internal.TestMethodWorker.run(TestMethodWorker.java:128) ~[org.testng_7.4.0.r202105021533.jar:7.4.0]
	at java.util.ArrayList.forEach(ArrayList.java:1511) ~[?:?]
	at org.testng.TestRunner.privateRun(TestRunner.java:794) ~[org.testng_7.4.0.r202105021533.jar:7.4.0]
	at org.testng.TestRunner.run(TestRunner.java:596) ~[org.testng_7.4.0.r202105021533.jar:7.4.0]
	at org.testng.SuiteRunner.runTest(SuiteRunner.java:377) ~[org.testng_7.4.0.r202105021533.jar:7.4.0]
	at org.testng.SuiteRunner.runSequentially(SuiteRunner.java:371) ~[org.testng_7.4.0.r202105021533.jar:7.4.0]
	at org.testng.SuiteRunner.privateRun(SuiteRunner.java:332) ~[org.testng_7.4.0.r202105021533.jar:7.4.0]
	at org.testng.SuiteRunner.run(SuiteRunner.java:276) ~[org.testng_7.4.0.r202105021533.jar:7.4.0]
	at org.testng.SuiteRunnerWorker.runSuite(SuiteRunnerWorker.java:53) ~[org.testng_7.4.0.r202105021533.jar:7.4.0]
	at org.testng.SuiteRunnerWorker.run(SuiteRunnerWorker.java:96) ~[org.testng_7.4.0.r202105021533.jar:7.4.0]
	at org.testng.TestNG.runSuitesSequentially(TestNG.java:1212) ~[org.testng_7.4.0.r202105021533.jar:7.4.0]
	at org.testng.TestNG.runSuitesLocally(TestNG.java:1134) ~[org.testng_7.4.0.r202105021533.jar:7.4.0]
	at org.testng.TestNG.runSuites(TestNG.java:1063) ~[org.testng_7.4.0.r202105021533.jar:7.4.0]
	at org.testng.TestNG.run(TestNG.java:1031) ~[org.testng_7.4.0.r202105021533.jar:7.4.0]
	at org.testng.remote.AbstractRemoteTestNG.run(AbstractRemoteTestNG.java:115) ~[testng-remote.jar:?]
	at org.testng.remote.RemoteTestNG.initAndRun(RemoteTestNG.java:251) ~[testng-remote.jar:?]
	at org.testng.remote.RemoteTestNG.main(RemoteTestNG.java:77) ~[testng-remote.jar:?]
23:35:26.575 [main] DEBUG - java.nio.DirectByteBuffer.<init>(long, int): unavailable
23:35:26.576 [main] DEBUG - sun.misc.Unsafe: available
23:35:26.577 [main] DEBUG - maxDirectMemory: 1595932672 bytes (maybe)
23:35:26.578 [main] DEBUG - -Dio.netty.tmpdir: C:\Users\PARDHU\AppData\Local\Temp (java.io.tmpdir)
23:35:26.578 [main] DEBUG - -Dio.netty.bitMode: 64 (sun.arch.data.model)
23:35:26.579 [main] DEBUG - Platform: Windows
23:35:26.582 [main] DEBUG - -Dio.netty.maxDirectMemory: -1 bytes
23:35:26.582 [main] DEBUG - -Dio.netty.uninitializedArrayAllocationThreshold: -1
23:35:26.587 [main] DEBUG - java.nio.ByteBuffer.cleaner(): available
23:35:26.587 [main] DEBUG - -Dio.netty.noPreferDirect: false
23:35:26.606 [main] DEBUG - org.jctools-core.MpscChunkedArrayQueue: available
23:35:26.664 [main] DEBUG - -Dio.netty.threadLocalMap.stringBuilder.initialSize: 1024
23:35:26.665 [main] DEBUG - -Dio.netty.threadLocalMap.stringBuilder.maxSize: 4096
23:35:27.074 [main] DEBUG - Default protocols (JDK): [TLSv1.3, TLSv1.2] 
23:35:27.075 [main] DEBUG - Default cipher suites (JDK): [TLS_ECDHE_ECDSA_WITH_AES_256_GCM_SHA384, TLS_ECDHE_ECDSA_WITH_AES_128_GCM_SHA256, TLS_ECDHE_RSA_WITH_AES_128_GCM_SHA256, TLS_ECDHE_RSA_WITH_AES_256_GCM_SHA384, TLS_ECDHE_RSA_WITH_AES_128_CBC_SHA, TLS_ECDHE_RSA_WITH_AES_256_CBC_SHA, TLS_RSA_WITH_AES_128_GCM_SHA256, TLS_RSA_WITH_AES_128_CBC_SHA, TLS_RSA_WITH_AES_256_CBC_SHA, TLS_AES_128_GCM_SHA256, TLS_AES_256_GCM_SHA384]
23:35:27.134 [main] DEBUG - -Dio.netty.eventLoopThreads: 16
23:35:27.157 [main] DEBUG - -Dio.netty.noKeySetOptimization: false
23:35:27.158 [main] DEBUG - -Dio.netty.selectorAutoRebuildThreshold: 512
23:35:27.185 [main] TRACE - instrumented a special java.util.Set into: sun.nio.ch.WEPollSelectorImpl@267cde2e
23:35:27.189 [main] TRACE - instrumented a special java.util.Set into: sun.nio.ch.WEPollSelectorImpl@1f1cddf3
23:35:27.191 [main] TRACE - instrumented a special java.util.Set into: sun.nio.ch.WEPollSelectorImpl@228bda54
23:35:27.193 [main] TRACE - instrumented a special java.util.Set into: sun.nio.ch.WEPollSelectorImpl@75b6dd5b
23:35:27.196 [main] TRACE - instrumented a special java.util.Set into: sun.nio.ch.WEPollSelectorImpl@b3e86d5
23:35:27.200 [main] TRACE - instrumented a special java.util.Set into: sun.nio.ch.WEPollSelectorImpl@72b43104
23:35:27.202 [main] TRACE - instrumented a special java.util.Set into: sun.nio.ch.WEPollSelectorImpl@e111c7c
23:35:27.204 [main] TRACE - instrumented a special java.util.Set into: sun.nio.ch.WEPollSelectorImpl@4d0e54e0
23:35:27.207 [main] TRACE - instrumented a special java.util.Set into: sun.nio.ch.WEPollSelectorImpl@32f96bba
23:35:27.209 [main] TRACE - instrumented a special java.util.Set into: sun.nio.ch.WEPollSelectorImpl@611640f0
23:35:27.212 [main] TRACE - instrumented a special java.util.Set into: sun.nio.ch.WEPollSelectorImpl@67e25252
23:35:27.216 [main] TRACE - instrumented a special java.util.Set into: sun.nio.ch.WEPollSelectorImpl@58f4b31a
23:35:27.219 [main] TRACE - instrumented a special java.util.Set into: sun.nio.ch.WEPollSelectorImpl@21a9a705
23:35:27.222 [main] TRACE - instrumented a special java.util.Set into: sun.nio.ch.WEPollSelectorImpl@72eb6200
23:35:27.224 [main] TRACE - instrumented a special java.util.Set into: sun.nio.ch.WEPollSelectorImpl@76ececd
23:35:27.226 [main] TRACE - instrumented a special java.util.Set into: sun.nio.ch.WEPollSelectorImpl@7affc159
23:35:27.272 [main] DEBUG - -Dio.netty.allocator.numHeapArenas: 16
23:35:27.272 [main] DEBUG - -Dio.netty.allocator.numDirectArenas: 16
23:35:27.272 [main] DEBUG - -Dio.netty.allocator.pageSize: 8192
23:35:27.272 [main] DEBUG - -Dio.netty.allocator.maxOrder: 9
23:35:27.273 [main] DEBUG - -Dio.netty.allocator.chunkSize: 4194304
23:35:27.273 [main] DEBUG - -Dio.netty.allocator.smallCacheSize: 256
23:35:27.273 [main] DEBUG - -Dio.netty.allocator.normalCacheSize: 64
23:35:27.273 [main] DEBUG - -Dio.netty.allocator.maxCachedBufferCapacity: 32768
23:35:27.273 [main] DEBUG - -Dio.netty.allocator.cacheTrimInterval: 8192
23:35:27.273 [main] DEBUG - -Dio.netty.allocator.cacheTrimIntervalMillis: 0
23:35:27.273 [main] DEBUG - -Dio.netty.allocator.useCacheForAllThreads: false
23:35:27.273 [main] DEBUG - -Dio.netty.allocator.maxCachedByteBuffersPerChunk: 1023
23:35:27.299 [main] DEBUG - -Dio.netty.allocator.type: pooled
23:35:27.299 [main] DEBUG - -Dio.netty.threadLocalDirectBufferSize: 0
23:35:27.299 [main] DEBUG - -Dio.netty.maxThreadLocalCharBufferSize: 16384
23:35:28.487 [Forwarding newSession on session null to remote] DEBUG - -Dio.netty.processId: 6408 (auto-detected)
23:35:28.492 [Forwarding newSession on session null to remote] DEBUG - -Djava.net.preferIPv4Stack: false
23:35:28.493 [Forwarding newSession on session null to remote] DEBUG - -Djava.net.preferIPv6Addresses: false
23:35:28.520 [Forwarding newSession on session null to remote] DEBUG - Loopback interface: lo (Software Loopback Interface 1, 127.0.0.1)
23:35:28.523 [Forwarding newSession on session null to remote] DEBUG - Failed to get SOMAXCONN from sysctl and file \proc\sys\net\core\somaxconn. Default: 200
23:35:28.591 [Forwarding newSession on session null to remote] DEBUG - -Dio.netty.machineId: bc:6e:e2:ff:fe:cd:25:ee (auto-detected)
23:35:28.746 [AsyncHttpClient-1-2] DEBUG - -Dio.netty.buffer.checkAccessible: true
23:35:28.747 [AsyncHttpClient-1-2] DEBUG - -Dio.netty.buffer.checkBounds: true
23:35:28.747 [AsyncHttpClient-1-2] DEBUG - Loaded default ResourceLeakDetector: io.netty.util.ResourceLeakDetector@5488d8d1
23:35:28.800 [AsyncHttpClient-1-2] DEBUG - -Dio.netty.recycler.maxCapacityPerThread: 4096
23:35:28.800 [AsyncHttpClient-1-2] DEBUG - -Dio.netty.recycler.ratio: 8
23:35:28.800 [AsyncHttpClient-1-2] DEBUG - -Dio.netty.recycler.chunkSize: 32
23:35:28.800 [AsyncHttpClient-1-2] DEBUG - -Dio.netty.recycler.blocking: false
23:35:31.109 [AsyncHttpClient-1-2] DEBUG - brotli4j not in the classpath; Brotli support will be unavailable.
23:35:31.525 [main] DEBUG - -Dio.netty.initialSeedUniquifier: 0x0ea487df6212db47
23:35:32.854 [main] DEBUG - Browser got maximized
23:35:35.506 [main] DEBUG - Application is opened
23:35:36.657 [AsyncHttpClient-1-4] TRACE - Encoding WebSocket Frame opCode=8 length=26
23:35:36.664 [AsyncHttpClient-1-4] TRACE - Decoding WebSocket Frame opCode=8
23:35:36.666 [AsyncHttpClient-1-4] TRACE - Decoding WebSocket Frame length=2
23:35:37.512 [main] DEBUG - Browser  got closed
01:00:05.942 [main] DEBUG - Using Log4J2 as the default logging framework
01:00:05.959 [main] DEBUG - -Dio.netty.leakDetection.level: simple
01:00:05.959 [main] DEBUG - -Dio.netty.leakDetection.targetRecords: 4
01:00:05.968 [main] DEBUG - Loaded default ResourceLeakDetector: io.netty.util.ResourceLeakDetector@459f703f
01:00:06.005 [main] DEBUG - -Dio.netty.noUnsafe: false
01:00:06.005 [main] DEBUG - Java version: 18
01:00:06.007 [main] DEBUG - sun.misc.Unsafe.theUnsafe: available
01:00:06.009 [main] DEBUG - sun.misc.Unsafe.copyMemory: available
01:00:06.010 [main] DEBUG - sun.misc.Unsafe.storeFence: available
01:00:06.011 [main] DEBUG - java.nio.Buffer.address: available
01:00:06.012 [main] DEBUG - direct buffer constructor: unavailable
java.lang.UnsupportedOperationException: Reflective setAccessible(true) disabled
	at io.netty.util.internal.ReflectionUtil.trySetAccessible(ReflectionUtil.java:31) ~[netty-common-4.1.84.Final.jar:4.1.84.Final]
	at io.netty.util.internal.PlatformDependent0$5.run(PlatformDependent0.java:288) ~[netty-common-4.1.84.Final.jar:4.1.84.Final]
	at java.security.AccessController.doPrivileged(AccessController.java:318) ~[?:?]
	at io.netty.util.internal.PlatformDependent0.<clinit>(PlatformDependent0.java:282) ~[netty-common-4.1.84.Final.jar:4.1.84.Final]
	at io.netty.util.internal.PlatformDependent.isAndroid(PlatformDependent.java:333) ~[netty-common-4.1.84.Final.jar:4.1.84.Final]
	at io.netty.util.internal.PlatformDependent.<clinit>(PlatformDependent.java:88) ~[netty-common-4.1.84.Final.jar:4.1.84.Final]
	at io.netty.util.HashedWheelTimer.<init>(HashedWheelTimer.java:114) ~[netty-common-4.1.84.Final.jar:4.1.84.Final]
	at io.netty.util.HashedWheelTimer.<init>(HashedWheelTimer.java:251) ~[netty-common-4.1.84.Final.jar:4.1.84.Final]
	at io.netty.util.HashedWheelTimer.<init>(HashedWheelTimer.java:224) ~[netty-common-4.1.84.Final.jar:4.1.84.Final]
	at io.netty.util.HashedWheelTimer.<init>(HashedWheelTimer.java:203) ~[netty-common-4.1.84.Final.jar:4.1.84.Final]
	at org.asynchttpclient.DefaultAsyncHttpClient.newNettyTimer(DefaultAsyncHttpClient.java:111) ~[async-http-client-2.12.3.jar:?]
	at org.asynchttpclient.DefaultAsyncHttpClient.<init>(DefaultAsyncHttpClient.java:90) ~[async-http-client-2.12.3.jar:?]
	at org.asynchttpclient.Dsl.asyncHttpClient(Dsl.java:32) ~[async-http-client-2.12.3.jar:?]
	at org.openqa.selenium.remote.http.netty.NettyClient.createHttpClient(NettyClient.java:94) ~[selenium-remote-driver-4.7.2.jar:?]
	at org.openqa.selenium.remote.http.netty.NettyClient.<clinit>(NettyClient.java:47) ~[selenium-remote-driver-4.7.2.jar:?]
	at org.openqa.selenium.remote.http.netty.NettyClient$Factory.createClient(NettyClient.java:135) ~[selenium-remote-driver-4.7.2.jar:?]
	at org.openqa.selenium.remote.HttpCommandExecutor.<init>(HttpCommandExecutor.java:107) ~[selenium-remote-driver-4.7.2.jar:?]
	at org.openqa.selenium.remote.HttpCommandExecutor.<init>(HttpCommandExecutor.java:94) ~[selenium-remote-driver-4.7.2.jar:?]
	at org.openqa.selenium.remote.HttpCommandExecutor.<init>(HttpCommandExecutor.java:85) ~[selenium-remote-driver-4.7.2.jar:?]
	at org.openqa.selenium.remote.service.DriverCommandExecutor.<init>(DriverCommandExecutor.java:80) ~[selenium-remote-driver-4.7.2.jar:?]
	at org.openqa.selenium.chromium.ChromiumDriverCommandExecutor.<init>(ChromiumDriverCommandExecutor.java:35) ~[selenium-chromium-driver-4.7.2.jar:?]
	at org.openqa.selenium.chrome.ChromeDriver$ChromeDriverCommandExecutor.<init>(ChromeDriver.java:94) ~[selenium-chrome-driver-4.7.2.jar:?]
	at org.openqa.selenium.chrome.ChromeDriver.<init>(ChromeDriver.java:82) ~[selenium-chrome-driver-4.7.2.jar:?]
	at org.openqa.selenium.chrome.ChromeDriver.<init>(ChromeDriver.java:71) ~[selenium-chrome-driver-4.7.2.jar:?]
	at Hooks.Hooks.setup(Hooks.java:43) ~[test-classes/:?]
	at jdk.internal.reflect.DirectMethodHandleAccessor.invoke(DirectMethodHandleAccessor.java:104) ~[?:?]
	at java.lang.reflect.Method.invoke(Method.java:577) ~[?:?]
	at io.cucumber.java.Invoker.doInvoke(Invoker.java:66) ~[cucumber-java-6.10.4.jar:6.10.4]
	at io.cucumber.java.Invoker.invoke(Invoker.java:24) ~[cucumber-java-6.10.4.jar:6.10.4]
	at io.cucumber.java.AbstractGlueDefinition.invokeMethod(AbstractGlueDefinition.java:47) ~[cucumber-java-6.10.4.jar:6.10.4]
	at io.cucumber.java.JavaHookDefinition.execute(JavaHookDefinition.java:59) ~[cucumber-java-6.10.4.jar:6.10.4]
	at io.cucumber.core.runner.CoreHookDefinition.execute(CoreHookDefinition.java:46) ~[cucumber-core-6.10.4.jar:6.10.4]
	at io.cucumber.core.runner.HookDefinitionMatch.runStep(HookDefinitionMatch.java:21) ~[cucumber-core-6.10.4.jar:6.10.4]
	at io.cucumber.core.runner.ExecutionMode$1.execute(ExecutionMode.java:10) ~[cucumber-core-6.10.4.jar:6.10.4]
	at io.cucumber.core.runner.TestStep.executeStep(TestStep.java:92) ~[cucumber-core-6.10.4.jar:6.10.4]
	at io.cucumber.core.runner.TestStep.run(TestStep.java:64) ~[cucumber-core-6.10.4.jar:6.10.4]
	at io.cucumber.core.runner.TestCase.run(TestCase.java:98) ~[cucumber-core-6.10.4.jar:6.10.4]
	at io.cucumber.core.runner.Runner.runPickle(Runner.java:73) ~[cucumber-core-6.10.4.jar:6.10.4]
	at io.cucumber.testng.TestNGCucumberRunner.lambda$runScenario$0(TestNGCucumberRunner.java:117) ~[cucumber-testng-6.10.4.jar:6.10.4]
	at io.cucumber.core.runtime.CucumberExecutionContext.runTestCase(CucumberExecutionContext.java:117) ~[cucumber-core-6.10.4.jar:6.10.4]
	at io.cucumber.testng.TestNGCucumberRunner.runScenario(TestNGCucumberRunner.java:114) ~[cucumber-testng-6.10.4.jar:6.10.4]
	at io.cucumber.testng.AbstractTestNGCucumberTests.runScenario(AbstractTestNGCucumberTests.java:31) ~[cucumber-testng-6.10.4.jar:6.10.4]
	at jdk.internal.reflect.DirectMethodHandleAccessor.invoke(DirectMethodHandleAccessor.java:104) ~[?:?]
	at java.lang.reflect.Method.invoke(Method.java:577) ~[?:?]
	at org.testng.internal.MethodInvocationHelper.invokeMethod(MethodInvocationHelper.java:133) ~[org.testng_7.4.0.r202105021533.jar:7.4.0]
	at org.testng.internal.TestInvoker.invokeMethod(TestInvoker.java:598) ~[org.testng_7.4.0.r202105021533.jar:7.4.0]
	at org.testng.internal.TestInvoker.invokeTestMethod(TestInvoker.java:173) ~[org.testng_7.4.0.r202105021533.jar:7.4.0]
	at org.testng.internal.MethodRunner.runInSequence(MethodRunner.java:46) ~[org.testng_7.4.0.r202105021533.jar:7.4.0]
	at org.testng.internal.TestInvoker$MethodInvocationAgent.invoke(TestInvoker.java:824) ~[org.testng_7.4.0.r202105021533.jar:7.4.0]
	at org.testng.internal.TestInvoker.invokeTestMethods(TestInvoker.java:146) ~[org.testng_7.4.0.r202105021533.jar:7.4.0]
	at org.testng.internal.TestMethodWorker.invokeTestMethods(TestMethodWorker.java:146) ~[org.testng_7.4.0.r202105021533.jar:7.4.0]
	at org.testng.internal.TestMethodWorker.run(TestMethodWorker.java:128) ~[org.testng_7.4.0.r202105021533.jar:7.4.0]
	at java.util.ArrayList.forEach(ArrayList.java:1511) ~[?:?]
	at org.testng.TestRunner.privateRun(TestRunner.java:794) ~[org.testng_7.4.0.r202105021533.jar:7.4.0]
	at org.testng.TestRunner.run(TestRunner.java:596) ~[org.testng_7.4.0.r202105021533.jar:7.4.0]
	at org.testng.SuiteRunner.runTest(SuiteRunner.java:377) ~[org.testng_7.4.0.r202105021533.jar:7.4.0]
	at org.testng.SuiteRunner.runSequentially(SuiteRunner.java:371) ~[org.testng_7.4.0.r202105021533.jar:7.4.0]
	at org.testng.SuiteRunner.privateRun(SuiteRunner.java:332) ~[org.testng_7.4.0.r202105021533.jar:7.4.0]
	at org.testng.SuiteRunner.run(SuiteRunner.java:276) ~[org.testng_7.4.0.r202105021533.jar:7.4.0]
	at org.testng.SuiteRunnerWorker.runSuite(SuiteRunnerWorker.java:53) ~[org.testng_7.4.0.r202105021533.jar:7.4.0]
	at org.testng.SuiteRunnerWorker.run(SuiteRunnerWorker.java:96) ~[org.testng_7.4.0.r202105021533.jar:7.4.0]
	at org.testng.TestNG.runSuitesSequentially(TestNG.java:1212) ~[org.testng_7.4.0.r202105021533.jar:7.4.0]
	at org.testng.TestNG.runSuitesLocally(TestNG.java:1134) ~[org.testng_7.4.0.r202105021533.jar:7.4.0]
	at org.testng.TestNG.runSuites(TestNG.java:1063) ~[org.testng_7.4.0.r202105021533.jar:7.4.0]
	at org.testng.TestNG.run(TestNG.java:1031) ~[org.testng_7.4.0.r202105021533.jar:7.4.0]
	at org.testng.remote.AbstractRemoteTestNG.run(AbstractRemoteTestNG.java:115) ~[testng-remote.jar:?]
	at org.testng.remote.RemoteTestNG.initAndRun(RemoteTestNG.java:251) ~[testng-remote.jar:?]
	at org.testng.remote.RemoteTestNG.main(RemoteTestNG.java:77) ~[testng-remote.jar:?]
01:00:06.038 [main] DEBUG - java.nio.Bits.unaligned: available, true
01:00:06.040 [main] DEBUG - jdk.internal.misc.Unsafe.allocateUninitializedArray(int): unavailable
java.lang.IllegalAccessException: class io.netty.util.internal.PlatformDependent0$7 cannot access class jdk.internal.misc.Unsafe (in module java.base) because module java.base does not export jdk.internal.misc to unnamed module @7ab2bfe1
	at jdk.internal.reflect.Reflection.newIllegalAccessException(Reflection.java:394) ~[?:?]
	at java.lang.reflect.AccessibleObject.checkAccess(AccessibleObject.java:674) ~[?:?]
	at java.lang.reflect.Method.invoke(Method.java:568) ~[?:?]
	at io.netty.util.internal.PlatformDependent0$7.run(PlatformDependent0.java:410) ~[netty-common-4.1.84.Final.jar:4.1.84.Final]
	at java.security.AccessController.doPrivileged(AccessController.java:318) ~[?:?]
	at io.netty.util.internal.PlatformDependent0.<clinit>(PlatformDependent0.java:401) ~[netty-common-4.1.84.Final.jar:4.1.84.Final]
	at io.netty.util.internal.PlatformDependent.isAndroid(PlatformDependent.java:333) ~[netty-common-4.1.84.Final.jar:4.1.84.Final]
	at io.netty.util.internal.PlatformDependent.<clinit>(PlatformDependent.java:88) ~[netty-common-4.1.84.Final.jar:4.1.84.Final]
	at io.netty.util.HashedWheelTimer.<init>(HashedWheelTimer.java:114) ~[netty-common-4.1.84.Final.jar:4.1.84.Final]
	at io.netty.util.HashedWheelTimer.<init>(HashedWheelTimer.java:251) ~[netty-common-4.1.84.Final.jar:4.1.84.Final]
	at io.netty.util.HashedWheelTimer.<init>(HashedWheelTimer.java:224) ~[netty-common-4.1.84.Final.jar:4.1.84.Final]
	at io.netty.util.HashedWheelTimer.<init>(HashedWheelTimer.java:203) ~[netty-common-4.1.84.Final.jar:4.1.84.Final]
	at org.asynchttpclient.DefaultAsyncHttpClient.newNettyTimer(DefaultAsyncHttpClient.java:111) ~[async-http-client-2.12.3.jar:?]
	at org.asynchttpclient.DefaultAsyncHttpClient.<init>(DefaultAsyncHttpClient.java:90) ~[async-http-client-2.12.3.jar:?]
	at org.asynchttpclient.Dsl.asyncHttpClient(Dsl.java:32) ~[async-http-client-2.12.3.jar:?]
	at org.openqa.selenium.remote.http.netty.NettyClient.createHttpClient(NettyClient.java:94) ~[selenium-remote-driver-4.7.2.jar:?]
	at org.openqa.selenium.remote.http.netty.NettyClient.<clinit>(NettyClient.java:47) ~[selenium-remote-driver-4.7.2.jar:?]
	at org.openqa.selenium.remote.http.netty.NettyClient$Factory.createClient(NettyClient.java:135) ~[selenium-remote-driver-4.7.2.jar:?]
	at org.openqa.selenium.remote.HttpCommandExecutor.<init>(HttpCommandExecutor.java:107) ~[selenium-remote-driver-4.7.2.jar:?]
	at org.openqa.selenium.remote.HttpCommandExecutor.<init>(HttpCommandExecutor.java:94) ~[selenium-remote-driver-4.7.2.jar:?]
	at org.openqa.selenium.remote.HttpCommandExecutor.<init>(HttpCommandExecutor.java:85) ~[selenium-remote-driver-4.7.2.jar:?]
	at org.openqa.selenium.remote.service.DriverCommandExecutor.<init>(DriverCommandExecutor.java:80) ~[selenium-remote-driver-4.7.2.jar:?]
	at org.openqa.selenium.chromium.ChromiumDriverCommandExecutor.<init>(ChromiumDriverCommandExecutor.java:35) ~[selenium-chromium-driver-4.7.2.jar:?]
	at org.openqa.selenium.chrome.ChromeDriver$ChromeDriverCommandExecutor.<init>(ChromeDriver.java:94) ~[selenium-chrome-driver-4.7.2.jar:?]
	at org.openqa.selenium.chrome.ChromeDriver.<init>(ChromeDriver.java:82) ~[selenium-chrome-driver-4.7.2.jar:?]
	at org.openqa.selenium.chrome.ChromeDriver.<init>(ChromeDriver.java:71) ~[selenium-chrome-driver-4.7.2.jar:?]
	at Hooks.Hooks.setup(Hooks.java:43) ~[test-classes/:?]
	at jdk.internal.reflect.DirectMethodHandleAccessor.invoke(DirectMethodHandleAccessor.java:104) ~[?:?]
	at java.lang.reflect.Method.invoke(Method.java:577) ~[?:?]
	at io.cucumber.java.Invoker.doInvoke(Invoker.java:66) ~[cucumber-java-6.10.4.jar:6.10.4]
	at io.cucumber.java.Invoker.invoke(Invoker.java:24) ~[cucumber-java-6.10.4.jar:6.10.4]
	at io.cucumber.java.AbstractGlueDefinition.invokeMethod(AbstractGlueDefinition.java:47) ~[cucumber-java-6.10.4.jar:6.10.4]
	at io.cucumber.java.JavaHookDefinition.execute(JavaHookDefinition.java:59) ~[cucumber-java-6.10.4.jar:6.10.4]
	at io.cucumber.core.runner.CoreHookDefinition.execute(CoreHookDefinition.java:46) ~[cucumber-core-6.10.4.jar:6.10.4]
	at io.cucumber.core.runner.HookDefinitionMatch.runStep(HookDefinitionMatch.java:21) ~[cucumber-core-6.10.4.jar:6.10.4]
	at io.cucumber.core.runner.ExecutionMode$1.execute(ExecutionMode.java:10) ~[cucumber-core-6.10.4.jar:6.10.4]
	at io.cucumber.core.runner.TestStep.executeStep(TestStep.java:92) ~[cucumber-core-6.10.4.jar:6.10.4]
	at io.cucumber.core.runner.TestStep.run(TestStep.java:64) ~[cucumber-core-6.10.4.jar:6.10.4]
	at io.cucumber.core.runner.TestCase.run(TestCase.java:98) ~[cucumber-core-6.10.4.jar:6.10.4]
	at io.cucumber.core.runner.Runner.runPickle(Runner.java:73) ~[cucumber-core-6.10.4.jar:6.10.4]
	at io.cucumber.testng.TestNGCucumberRunner.lambda$runScenario$0(TestNGCucumberRunner.java:117) ~[cucumber-testng-6.10.4.jar:6.10.4]
	at io.cucumber.core.runtime.CucumberExecutionContext.runTestCase(CucumberExecutionContext.java:117) ~[cucumber-core-6.10.4.jar:6.10.4]
	at io.cucumber.testng.TestNGCucumberRunner.runScenario(TestNGCucumberRunner.java:114) ~[cucumber-testng-6.10.4.jar:6.10.4]
	at io.cucumber.testng.AbstractTestNGCucumberTests.runScenario(AbstractTestNGCucumberTests.java:31) ~[cucumber-testng-6.10.4.jar:6.10.4]
	at jdk.internal.reflect.DirectMethodHandleAccessor.invoke(DirectMethodHandleAccessor.java:104) ~[?:?]
	at java.lang.reflect.Method.invoke(Method.java:577) ~[?:?]
	at org.testng.internal.MethodInvocationHelper.invokeMethod(MethodInvocationHelper.java:133) ~[org.testng_7.4.0.r202105021533.jar:7.4.0]
	at org.testng.internal.TestInvoker.invokeMethod(TestInvoker.java:598) ~[org.testng_7.4.0.r202105021533.jar:7.4.0]
	at org.testng.internal.TestInvoker.invokeTestMethod(TestInvoker.java:173) ~[org.testng_7.4.0.r202105021533.jar:7.4.0]
	at org.testng.internal.MethodRunner.runInSequence(MethodRunner.java:46) ~[org.testng_7.4.0.r202105021533.jar:7.4.0]
	at org.testng.internal.TestInvoker$MethodInvocationAgent.invoke(TestInvoker.java:824) ~[org.testng_7.4.0.r202105021533.jar:7.4.0]
	at org.testng.internal.TestInvoker.invokeTestMethods(TestInvoker.java:146) ~[org.testng_7.4.0.r202105021533.jar:7.4.0]
	at org.testng.internal.TestMethodWorker.invokeTestMethods(TestMethodWorker.java:146) ~[org.testng_7.4.0.r202105021533.jar:7.4.0]
	at org.testng.internal.TestMethodWorker.run(TestMethodWorker.java:128) ~[org.testng_7.4.0.r202105021533.jar:7.4.0]
	at java.util.ArrayList.forEach(ArrayList.java:1511) ~[?:?]
	at org.testng.TestRunner.privateRun(TestRunner.java:794) ~[org.testng_7.4.0.r202105021533.jar:7.4.0]
	at org.testng.TestRunner.run(TestRunner.java:596) ~[org.testng_7.4.0.r202105021533.jar:7.4.0]
	at org.testng.SuiteRunner.runTest(SuiteRunner.java:377) ~[org.testng_7.4.0.r202105021533.jar:7.4.0]
	at org.testng.SuiteRunner.runSequentially(SuiteRunner.java:371) ~[org.testng_7.4.0.r202105021533.jar:7.4.0]
	at org.testng.SuiteRunner.privateRun(SuiteRunner.java:332) ~[org.testng_7.4.0.r202105021533.jar:7.4.0]
	at org.testng.SuiteRunner.run(SuiteRunner.java:276) ~[org.testng_7.4.0.r202105021533.jar:7.4.0]
	at org.testng.SuiteRunnerWorker.runSuite(SuiteRunnerWorker.java:53) ~[org.testng_7.4.0.r202105021533.jar:7.4.0]
	at org.testng.SuiteRunnerWorker.run(SuiteRunnerWorker.java:96) ~[org.testng_7.4.0.r202105021533.jar:7.4.0]
	at org.testng.TestNG.runSuitesSequentially(TestNG.java:1212) ~[org.testng_7.4.0.r202105021533.jar:7.4.0]
	at org.testng.TestNG.runSuitesLocally(TestNG.java:1134) ~[org.testng_7.4.0.r202105021533.jar:7.4.0]
	at org.testng.TestNG.runSuites(TestNG.java:1063) ~[org.testng_7.4.0.r202105021533.jar:7.4.0]
	at org.testng.TestNG.run(TestNG.java:1031) ~[org.testng_7.4.0.r202105021533.jar:7.4.0]
	at org.testng.remote.AbstractRemoteTestNG.run(AbstractRemoteTestNG.java:115) ~[testng-remote.jar:?]
	at org.testng.remote.RemoteTestNG.initAndRun(RemoteTestNG.java:251) ~[testng-remote.jar:?]
	at org.testng.remote.RemoteTestNG.main(RemoteTestNG.java:77) ~[testng-remote.jar:?]
01:00:06.046 [main] DEBUG - java.nio.DirectByteBuffer.<init>(long, int): unavailable
01:00:06.046 [main] DEBUG - sun.misc.Unsafe: available
01:00:06.047 [main] DEBUG - maxDirectMemory: 1595932672 bytes (maybe)
01:00:06.048 [main] DEBUG - -Dio.netty.tmpdir: C:\Users\PARDHU\AppData\Local\Temp (java.io.tmpdir)
01:00:06.048 [main] DEBUG - -Dio.netty.bitMode: 64 (sun.arch.data.model)
01:00:06.049 [main] DEBUG - Platform: Windows
01:00:06.050 [main] DEBUG - -Dio.netty.maxDirectMemory: -1 bytes
01:00:06.050 [main] DEBUG - -Dio.netty.uninitializedArrayAllocationThreshold: -1
01:00:06.053 [main] DEBUG - java.nio.ByteBuffer.cleaner(): available
01:00:06.054 [main] DEBUG - -Dio.netty.noPreferDirect: false
01:00:06.069 [main] DEBUG - org.jctools-core.MpscChunkedArrayQueue: available
01:00:06.110 [main] DEBUG - -Dio.netty.threadLocalMap.stringBuilder.initialSize: 1024
01:00:06.110 [main] DEBUG - -Dio.netty.threadLocalMap.stringBuilder.maxSize: 4096
01:00:06.426 [main] DEBUG - Default protocols (JDK): [TLSv1.3, TLSv1.2] 
01:00:06.427 [main] DEBUG - Default cipher suites (JDK): [TLS_ECDHE_ECDSA_WITH_AES_256_GCM_SHA384, TLS_ECDHE_ECDSA_WITH_AES_128_GCM_SHA256, TLS_ECDHE_RSA_WITH_AES_128_GCM_SHA256, TLS_ECDHE_RSA_WITH_AES_256_GCM_SHA384, TLS_ECDHE_RSA_WITH_AES_128_CBC_SHA, TLS_ECDHE_RSA_WITH_AES_256_CBC_SHA, TLS_RSA_WITH_AES_128_GCM_SHA256, TLS_RSA_WITH_AES_128_CBC_SHA, TLS_RSA_WITH_AES_256_CBC_SHA, TLS_AES_128_GCM_SHA256, TLS_AES_256_GCM_SHA384]
01:00:06.487 [main] DEBUG - -Dio.netty.eventLoopThreads: 16
01:00:06.505 [main] DEBUG - -Dio.netty.noKeySetOptimization: false
01:00:06.506 [main] DEBUG - -Dio.netty.selectorAutoRebuildThreshold: 512
01:00:06.532 [main] TRACE - instrumented a special java.util.Set into: sun.nio.ch.WEPollSelectorImpl@38cedb7d
01:00:06.536 [main] TRACE - instrumented a special java.util.Set into: sun.nio.ch.WEPollSelectorImpl@2db2a05f
01:00:06.539 [main] TRACE - instrumented a special java.util.Set into: sun.nio.ch.WEPollSelectorImpl@695c938d
01:00:06.541 [main] TRACE - instrumented a special java.util.Set into: sun.nio.ch.WEPollSelectorImpl@d5bb1c4
01:00:06.544 [main] TRACE - instrumented a special java.util.Set into: sun.nio.ch.WEPollSelectorImpl@7ed3df3b
01:00:06.546 [main] TRACE - instrumented a special java.util.Set into: sun.nio.ch.WEPollSelectorImpl@465b38e6
01:00:06.548 [main] TRACE - instrumented a special java.util.Set into: sun.nio.ch.WEPollSelectorImpl@4b960b5b
01:00:06.550 [main] TRACE - instrumented a special java.util.Set into: sun.nio.ch.WEPollSelectorImpl@1b13467c
01:00:06.552 [main] TRACE - instrumented a special java.util.Set into: sun.nio.ch.WEPollSelectorImpl@7bd96822
01:00:06.555 [main] TRACE - instrumented a special java.util.Set into: sun.nio.ch.WEPollSelectorImpl@64dae3b7
01:00:06.557 [main] TRACE - instrumented a special java.util.Set into: sun.nio.ch.WEPollSelectorImpl@1fedf0a4
01:00:06.559 [main] TRACE - instrumented a special java.util.Set into: sun.nio.ch.WEPollSelectorImpl@1e4c6583
01:00:06.561 [main] TRACE - instrumented a special java.util.Set into: sun.nio.ch.WEPollSelectorImpl@2ee48610
01:00:06.563 [main] TRACE - instrumented a special java.util.Set into: sun.nio.ch.WEPollSelectorImpl@1d901f20
01:00:06.566 [main] TRACE - instrumented a special java.util.Set into: sun.nio.ch.WEPollSelectorImpl@6d08b4e6
01:00:06.569 [main] TRACE - instrumented a special java.util.Set into: sun.nio.ch.WEPollSelectorImpl@1015a4b9
01:00:06.613 [main] DEBUG - -Dio.netty.allocator.numHeapArenas: 16
01:00:06.613 [main] DEBUG - -Dio.netty.allocator.numDirectArenas: 16
01:00:06.613 [main] DEBUG - -Dio.netty.allocator.pageSize: 8192
01:00:06.613 [main] DEBUG - -Dio.netty.allocator.maxOrder: 9
01:00:06.613 [main] DEBUG - -Dio.netty.allocator.chunkSize: 4194304
01:00:06.614 [main] DEBUG - -Dio.netty.allocator.smallCacheSize: 256
01:00:06.614 [main] DEBUG - -Dio.netty.allocator.normalCacheSize: 64
01:00:06.614 [main] DEBUG - -Dio.netty.allocator.maxCachedBufferCapacity: 32768
01:00:06.614 [main] DEBUG - -Dio.netty.allocator.cacheTrimInterval: 8192
01:00:06.614 [main] DEBUG - -Dio.netty.allocator.cacheTrimIntervalMillis: 0
01:00:06.614 [main] DEBUG - -Dio.netty.allocator.useCacheForAllThreads: false
01:00:06.614 [main] DEBUG - -Dio.netty.allocator.maxCachedByteBuffersPerChunk: 1023
01:00:06.635 [main] DEBUG - -Dio.netty.allocator.type: pooled
01:00:06.635 [main] DEBUG - -Dio.netty.threadLocalDirectBufferSize: 0
01:00:06.635 [main] DEBUG - -Dio.netty.maxThreadLocalCharBufferSize: 16384
01:00:07.489 [Forwarding newSession on session null to remote] DEBUG - -Dio.netty.processId: 29172 (auto-detected)
01:00:07.492 [Forwarding newSession on session null to remote] DEBUG - -Djava.net.preferIPv4Stack: false
01:00:07.493 [Forwarding newSession on session null to remote] DEBUG - -Djava.net.preferIPv6Addresses: false
01:00:07.514 [Forwarding newSession on session null to remote] DEBUG - Loopback interface: lo (Software Loopback Interface 1, 127.0.0.1)
01:00:07.516 [Forwarding newSession on session null to remote] DEBUG - Failed to get SOMAXCONN from sysctl and file \proc\sys\net\core\somaxconn. Default: 200
01:00:07.574 [Forwarding newSession on session null to remote] DEBUG - -Dio.netty.machineId: bc:6e:e2:ff:fe:cd:25:ee (auto-detected)
01:00:07.684 [AsyncHttpClient-1-2] DEBUG - -Dio.netty.buffer.checkAccessible: true
01:00:07.684 [AsyncHttpClient-1-2] DEBUG - -Dio.netty.buffer.checkBounds: true
01:00:07.685 [AsyncHttpClient-1-2] DEBUG - Loaded default ResourceLeakDetector: io.netty.util.ResourceLeakDetector@24faa89f
01:00:07.725 [AsyncHttpClient-1-2] DEBUG - -Dio.netty.recycler.maxCapacityPerThread: 4096
01:00:07.725 [AsyncHttpClient-1-2] DEBUG - -Dio.netty.recycler.ratio: 8
01:00:07.725 [AsyncHttpClient-1-2] DEBUG - -Dio.netty.recycler.chunkSize: 32
01:00:07.726 [AsyncHttpClient-1-2] DEBUG - -Dio.netty.recycler.blocking: false
01:00:09.253 [AsyncHttpClient-1-2] DEBUG - brotli4j not in the classpath; Brotli support will be unavailable.
01:00:09.509 [main] DEBUG - -Dio.netty.initialSeedUniquifier: 0x0b966abd1ae2c259
01:00:10.749 [main] DEBUG - Browser got maximized
01:00:13.052 [main] DEBUG - Application is opened
01:00:14.872 [AsyncHttpClient-1-4] TRACE - Encoding WebSocket Frame opCode=8 length=26
01:00:14.877 [AsyncHttpClient-1-4] TRACE - Decoding WebSocket Frame opCode=8
01:00:14.877 [AsyncHttpClient-1-4] TRACE - Decoding WebSocket Frame length=2
01:00:15.456 [main] DEBUG - Browser  got closed
13:43:10.110 [main] DEBUG - Browser got maximized
13:43:12.180 [main] DEBUG - Application is opened
13:43:13.361 [main] DEBUG - Browser  got closed
13:46:01.171 [main] DEBUG - Browser got maximized
13:46:03.744 [main] DEBUG - Application is opened
13:46:04.997 [main] DEBUG - Browser  got closed
13:46:52.818 [main] DEBUG - Browser got maximized
13:46:54.868 [main] DEBUG - Application is opened
13:47:33.455 [main] DEBUG - Browser  got closed
13:49:37.615 [main] DEBUG - Browser got maximized
13:49:39.898 [main] DEBUG - Application is opened
13:50:09.912 [main] DEBUG - Browser  got closed
13:52:54.347 [main] DEBUG - Browser got maximized
13:53:09.072 [main] DEBUG - Application is opened
13:53:21.113 [main] DEBUG - User clicked on Register link
13:53:47.915 [main] DEBUG - Browser  got closed
14:24:24.460 [main] DEBUG - Browser got maximized
14:24:31.608 [main] DEBUG - Application is opened
14:24:32.504 [main] DEBUG - User clicked on Register link
14:24:47.705 [main] DEBUG - Browser  got closed
14:25:51.538 [main] DEBUG - Browser got maximized
14:25:54.268 [main] DEBUG - Application is opened
14:25:55.479 [main] DEBUG - User clicked on Register link
15:51:49.033 [main] DEBUG - Browser got maximized
15:51:49.752 [main] DEBUG - Application is opened
15:51:52.539 [main] DEBUG - User clicked on Register link
15:52:25.851 [main] DEBUG - Browser  got closed
15:59:54.808 [main] DEBUG - Browser got maximized
15:59:55.544 [main] DEBUG - Application is opened
15:59:59.040 [main] DEBUG - User clicked on Register link
16:01:41.458 [main] DEBUG - Browser got maximized
16:01:44.680 [main] DEBUG - Application is opened
16:01:45.661 [main] DEBUG - User clicked on Register link
16:02:57.019 [main] DEBUG - Browser  got closed
16:05:34.303 [main] DEBUG - Browser got maximized
16:05:37.090 [main] DEBUG - Application is opened
16:05:38.241 [main] DEBUG - User clicked on Register link
16:06:07.662 [main] DEBUG - User has given all personal details
16:08:51.801 [main] DEBUG - Browser got maximized
16:08:55.351 [main] DEBUG - Application is opened
16:08:56.544 [main] DEBUG - User clicked on Register link
16:10:36.394 [main] DEBUG - Browser got maximized
16:10:38.093 [main] DEBUG - Application is opened
16:10:41.763 [main] DEBUG - User clicked on Register link
16:11:12.852 [main] DEBUG - User has given all personal details
16:13:05.260 [main] DEBUG - Browser got maximized
16:13:06.079 [main] DEBUG - Application is opened
16:13:09.191 [main] DEBUG - User clicked on Register link
16:13:14.439 [main] DEBUG - User has given all personal details
16:13:15.243 [main] DEBUG - User Registered successfully
16:13:16.075 [main] DEBUG - Browser  got closed
16:15:00.038 [main] DEBUG - Browser got maximized
16:15:03.136 [main] DEBUG - Application is opened
16:15:04.153 [main] DEBUG - User clicked on Register link
16:15:09.423 [main] DEBUG - User has given all personal details
16:15:10.230 [main] DEBUG - User Registered successfully
16:15:10.939 [main] DEBUG - Browser  got closed
16:15:28.141 [main] DEBUG - Browser got maximized
16:15:31.011 [main] DEBUG - Application is opened
16:15:32.579 [main] DEBUG - User clicked on Register link
16:16:15.530 [main] DEBUG - Browser got maximized
16:16:18.965 [main] DEBUG - Application is opened
16:16:19.992 [main] DEBUG - User clicked on Register link
16:16:37.206 [main] DEBUG - Browser  got closed
16:17:05.078 [main] DEBUG - Browser got maximized
16:17:05.794 [main] DEBUG - Application is opened
16:17:09.624 [main] DEBUG - User clicked on Register link
16:17:25.225 [main] DEBUG - Browser  got closed
16:17:41.432 [main] DEBUG - Browser got maximized
16:17:45.019 [main] DEBUG - Application is opened
16:17:46.264 [main] DEBUG - User clicked on Register link
16:18:01.718 [main] DEBUG - Browser  got closed
16:20:11.353 [main] DEBUG - Browser got maximized
16:20:13.590 [main] DEBUG - Browser  got closed
16:21:07.009 [main] DEBUG - Browser got maximized
16:21:12.552 [main] DEBUG - Application is opened
16:21:14.238 [main] DEBUG - User clicked on Register link
16:23:23.433 [main] DEBUG - Browser got maximized
16:23:25.957 [main] DEBUG - Application is opened
16:23:26.972 [main] DEBUG - User clicked on Register link
16:24:22.233 [main] DEBUG - User has given all personal details
16:26:26.833 [main] DEBUG - Browser got maximized
16:26:42.578 [main] DEBUG - Browser  got closed
16:27:09.769 [main] DEBUG - Browser got maximized
16:27:13.183 [main] DEBUG - Browser got maximized
16:27:28.435 [main] DEBUG - Browser got maximized
16:28:08.242 [main] DEBUG - Browser got maximized
16:28:10.269 [main] DEBUG - Application is opened
16:28:46.027 [main] DEBUG - Browser  got closed
16:28:57.020 [main] DEBUG - Browser got maximized
16:29:12.815 [main] DEBUG - Browser  got closed
16:34:23.381 [main] DEBUG - Browser got maximized
16:34:24.802 [main] DEBUG - Application is opened
16:34:40.571 [main] DEBUG - Browser  got closed
16:36:00.727 [main] DEBUG - Browser got maximized
16:36:04.852 [main] DEBUG - Application is opened
16:36:07.022 [main] DEBUG - User clicked on Register link
16:36:53.131 [main] DEBUG - User has given all personal details
16:37:05.355 [main] DEBUG - User Registered successfully
16:37:06.330 [main] DEBUG - Browser  got closed
16:48:22.715 [main] DEBUG - Browser got maximized
16:48:38.469 [main] DEBUG - Browser  got closed
16:49:22.774 [main] DEBUG - Browser got maximized
16:49:25.114 [main] DEBUG - Application is opened
16:49:41.246 [main] DEBUG - Browser  got closed
16:49:56.431 [main] DEBUG - Browser got maximized
16:50:12.185 [main] DEBUG - Browser  got closed
17:02:56.285 [main] DEBUG - Browser got maximized
17:04:32.790 [main] DEBUG - Browser got maximized
17:04:34.650 [main] DEBUG - Application is opened
17:04:50.540 [main] DEBUG - Browser  got closed
17:05:59.401 [main] DEBUG - Browser got maximized
17:09:07.037 [main] DEBUG - Browser got maximized
17:09:13.003 [main] DEBUG - Application is opened
17:09:25.462 [main] DEBUG - User clicked on Register link
17:09:41.728 [main] DEBUG - User has given all personal details
17:09:53.371 [main] DEBUG - User Registered successfully
17:09:54.333 [main] DEBUG - Browser  got closed
17:12:41.847 [main] DEBUG - Browser got maximized
17:12:50.056 [main] DEBUG - Application is opened
17:12:56.220 [main] DEBUG - User clicked on Register link
17:13:08.509 [main] DEBUG - User has given all personal details
17:13:38.030 [main] DEBUG - User Registered successfully
17:13:56.047 [main] DEBUG - Browser  got closed
17:16:01.130 [main] DEBUG - Browser got maximized
17:16:02.031 [main] DEBUG - Application is opened
17:16:10.135 [main] DEBUG - User clicked on Register link
17:16:18.386 [main] DEBUG - User has given all personal details
17:16:20.979 [main] DEBUG - User Registered successfully
17:16:39.467 [main] DEBUG - Browser  got closed
17:21:08.855 [main] DEBUG - Browser got maximized
17:21:10.448 [main] DEBUG - Application is opened
17:21:21.259 [main] DEBUG - Browser  got closed
17:21:42.364 [main] DEBUG - Browser got maximized
17:21:53.589 [main] DEBUG - Application is opened
17:22:09.187 [main] DEBUG - Browser  got closed
17:33:00.386 [main] DEBUG - Browser got maximized
17:34:31.725 [main] DEBUG - Browser got maximized
17:34:36.952 [main] DEBUG - Application is opened
17:34:58.797 [main] DEBUG - Browser  got closed
17:38:07.483 [main] DEBUG - Browser got maximized
17:38:12.651 [main] DEBUG - Application is opened
17:39:55.584 [main] DEBUG - Browser got maximized
17:40:01.771 [main] DEBUG - Application is opened
17:40:02.376 [main] DEBUG - Browser  got closed
17:40:45.660 [main] DEBUG - Browser got maximized
17:41:01.273 [main] DEBUG - Browser  got closed
17:41:22.499 [main] DEBUG - Browser got maximized
17:41:38.048 [main] DEBUG - Browser  got closed
17:41:59.231 [main] DEBUG - Browser got maximized
17:42:14.757 [main] DEBUG - Browser  got closed
17:44:10.669 [main] DEBUG - Browser got maximized
17:44:26.223 [main] DEBUG - Browser  got closed
17:44:54.076 [main] DEBUG - Browser got maximized
17:44:57.462 [main] DEBUG - Application is opened
17:44:58.149 [main] DEBUG - Browser  got closed
17:45:43.913 [main] DEBUG - Browser got maximized
17:45:49.625 [main] DEBUG - Application is opened
17:45:50.456 [main] DEBUG - User clicked on Register link
17:45:55.879 [main] DEBUG - User has given all personal details
17:45:56.470 [main] DEBUG - User Registered successfully
17:45:56.474 [main] INFO  - Verified Name
17:48:31.689 [main] DEBUG - Browser got maximized
17:48:34.855 [main] DEBUG - Application is opened
17:48:36.044 [main] DEBUG - User clicked on Register link
17:48:40.501 [main] DEBUG - User has given all personal details
17:48:41.169 [main] DEBUG - User Registered successfully
17:48:41.174 [main] INFO  - Verified Name
17:49:17.296 [main] DEBUG - Browser got maximized
17:49:24.430 [main] DEBUG - Application is opened
17:49:34.023 [main] DEBUG - User clicked on Register link
17:49:42.637 [main] DEBUG - User has given all personal details
17:51:07.754 [main] DEBUG - User Registered successfully
17:51:08.305 [main] DEBUG - Browser  got closed
17:52:27.934 [main] DEBUG - Browser got maximized
17:52:39.852 [main] DEBUG - Application is opened
17:52:43.820 [main] DEBUG - User clicked on Register link
17:52:52.604 [main] DEBUG - User has given all personal details
17:53:58.287 [main] DEBUG - User Registered successfully
17:55:27.360 [main] DEBUG - Browser got maximized
17:55:36.414 [main] DEBUG - Application is opened
17:55:41.679 [main] DEBUG - User clicked on Register link
17:55:49.555 [main] DEBUG - User has given all personal details
17:56:15.444 [main] DEBUG - User Registered successfully
17:56:17.305 [main] INFO  - Verified Name
18:07:10.297 [main] DEBUG - Browser got maximized
18:07:25.900 [main] DEBUG - Browser  got closed
18:07:49.007 [main] DEBUG - Browser got maximized
18:08:37.142 [main] DEBUG - Browser  got closed
18:09:13.164 [main] DEBUG - Browser got maximized
18:09:13.198 [main] DEBUG - Application is opened
18:09:25.827 [main] DEBUG - User clicked on Register link
18:09:41.031 [main] DEBUG - User has given all personal details
18:09:47.009 [main] DEBUG - User Registered successfully
18:09:48.590 [main] INFO  - Verified Name
18:10:10.642 [main] INFO  - User added Item to cart
18:10:15.306 [main] DEBUG - Browser  got closed
18:11:55.502 [main] DEBUG - Browser got maximized
18:11:55.532 [main] DEBUG - Application is opened
18:11:57.342 [main] DEBUG - User clicked on Register link
18:12:01.307 [main] DEBUG - User has given all personal details
18:12:01.394 [main] DEBUG - User Registered successfully
18:12:01.397 [main] INFO  - Verified Name
18:12:03.131 [main] INFO  - User added Item to cart
18:12:03.739 [main] DEBUG - Browser  got closed
18:13:32.457 [main] DEBUG - Browser got maximized
18:13:32.922 [main] DEBUG - Application is opened
18:13:41.443 [main] DEBUG - User clicked on Register link
18:14:02.741 [main] DEBUG - User has given all personal details
18:14:05.759 [main] DEBUG - User Registered successfully
18:14:06.875 [main] INFO  - Verified Name
18:14:16.467 [main] INFO  - User added Item to cart
18:16:02.146 [main] DEBUG - Browser got maximized
18:16:02.178 [main] DEBUG - Application is opened
18:16:03.664 [main] DEBUG - User clicked on Register link
18:16:07.157 [main] DEBUG - User has given all personal details
18:16:07.243 [main] DEBUG - User Registered successfully
18:16:08.276 [main] INFO  - Correct Name is displayed
18:16:08.277 [main] INFO  - Verified Name
18:16:09.289 [main] INFO  - User added Item to cart
18:16:09.828 [main] DEBUG - Browser  got closed
18:18:29.077 [main] DEBUG - Browser got maximized
18:18:29.102 [main] DEBUG - Application is opened
18:18:30.671 [main] DEBUG - User clicked on Register link
18:18:34.245 [main] DEBUG - User has given all personal details
18:18:34.337 [main] DEBUG - User Registered successfully
18:18:35.187 [main] INFO  - Correct Name is displayed
18:18:35.188 [main] INFO  - Verified Name
18:18:36.119 [main] INFO  - User added Item to cart
18:19:11.582 [main] DEBUG - Browser  got closed
18:20:53.728 [main] DEBUG - Browser got maximized
18:20:53.754 [main] DEBUG - Application is opened
18:20:55.684 [main] DEBUG - User clicked on Register link
18:20:59.146 [main] DEBUG - User has given all personal details
18:20:59.231 [main] DEBUG - User Registered successfully
18:21:00.240 [main] INFO  - Correct Name is displayed
18:21:00.240 [main] INFO  - Verified Name
18:21:01.625 [main] INFO  - User added Item to cart
18:24:37.566 [main] DEBUG - Browser got maximized
18:24:37.592 [main] DEBUG - Application is opened
18:24:39.058 [main] DEBUG - User clicked on Register link
18:24:42.078 [main] DEBUG - User has given all personal details
18:24:42.154 [main] DEBUG - User Registered successfully
18:24:43.010 [main] INFO  - Correct Name is displayed
18:24:43.011 [main] INFO  - Verified Name
18:24:43.896 [main] INFO  - User added Item to cart
18:24:44.003 [main] DEBUG - Proceed to checkout
18:24:44.723 [main] DEBUG - verify Product details
18:24:44.944 [main] DEBUG - Browser  got closed
18:27:07.978 [main] DEBUG - Browser got maximized
18:27:08.007 [main] DEBUG - Application is opened
18:27:09.412 [main] DEBUG - User clicked on Register link
18:27:27.541 [main] DEBUG - Browser got maximized
18:27:27.563 [main] DEBUG - Application is opened
18:27:28.970 [main] DEBUG - User clicked on Register link
18:27:32.243 [main] DEBUG - User has given all personal details
18:27:32.338 [main] DEBUG - User Registered successfully
18:27:33.272 [main] DEBUG - Browser  got closed
18:31:19.064 [main] DEBUG - Browser got maximized
18:31:19.090 [main] DEBUG - Application is opened
18:31:20.556 [main] DEBUG - User clicked on Register link
18:31:23.931 [main] DEBUG - User has given all personal details
18:31:24.019 [main] DEBUG - User Registered successfully
18:31:30.790 [main] INFO  - Correct Name is displayed
18:31:30.790 [main] INFO  - Verified Name
18:31:32.042 [main] INFO  - User added Item to cart
18:31:32.187 [main] DEBUG - Proceed to checkout
18:31:33.393 [main] DEBUG - verify Product details
18:31:33.762 [main] DEBUG - Browser  got closed
